[2020-12-08T12:32:27.150] [DEBUG] cheese - login => username:zs,password:123456
[2020-12-08T12:32:27.158] [DEBUG] cheese - zs
[2020-12-08T12:32:27.179] [DEBUG] cheese - { inspect: [Function: inspect] }
[2020-12-08T12:32:27.184] [DEBUG] cheese - 查询失败
[2020-12-08T12:32:48.849] [DEBUG] cheese - login => username:admin,password:123456
[2020-12-08T12:32:48.849] [DEBUG] cheese - admin
[2020-12-08T12:32:48.854] [DEBUG] cheese - { inspect: [Function: inspect] }
[2020-12-08T12:32:48.855] [DEBUG] cheese - 查询失败
[2020-12-08T14:04:35.067] [DEBUG] cheese - login => username:admin,password:123456
[2020-12-08T14:04:35.073] [DEBUG] cheese - admin
[2020-12-08T14:04:35.094] [DEBUG] cheese - null
[2020-12-08T14:04:35.095] [DEBUG] cheese - null
[2020-12-08T15:16:24.780] [DEBUG] cheese - login => username:ads,password:123456
[2020-12-08T15:16:24.786] [DEBUG] cheese - ads
[2020-12-08T15:16:24.805] [DEBUG] cheese - null
[2020-12-08T15:16:24.805] [DEBUG] cheese - null
[2020-12-08T15:16:26.227] [DEBUG] cheese - login => username:ads,password:123456
[2020-12-08T15:16:26.227] [DEBUG] cheese - ads
[2020-12-08T15:16:26.233] [DEBUG] cheese - null
[2020-12-08T15:16:26.233] [DEBUG] cheese - null
[2020-12-08T15:16:26.859] [DEBUG] cheese - login => username:ads,password:123456
[2020-12-08T15:16:26.860] [DEBUG] cheese - ads
[2020-12-08T15:16:26.862] [DEBUG] cheese - null
[2020-12-08T15:16:26.862] [DEBUG] cheese - null
[2020-12-08T15:16:27.029] [DEBUG] cheese - login => username:ads,password:123456
[2020-12-08T15:16:27.029] [DEBUG] cheese - ads
[2020-12-08T15:16:27.031] [DEBUG] cheese - null
[2020-12-08T15:16:27.032] [DEBUG] cheese - null
[2020-12-08T15:16:27.190] [DEBUG] cheese - login => username:ads,password:123456
[2020-12-08T15:16:27.190] [DEBUG] cheese - ads
[2020-12-08T15:16:27.192] [DEBUG] cheese - null
[2020-12-08T15:16:27.192] [DEBUG] cheese - null
[2020-12-08T15:16:27.460] [DEBUG] cheese - login => username:ads,password:123456
[2020-12-08T15:16:27.460] [DEBUG] cheese - ads
[2020-12-08T15:16:27.462] [DEBUG] cheese - null
[2020-12-08T15:16:27.463] [DEBUG] cheese - null
[2020-12-08T15:16:27.620] [DEBUG] cheese - login => username:ads,password:123456
[2020-12-08T15:16:27.620] [DEBUG] cheese - ads
[2020-12-08T15:16:27.623] [DEBUG] cheese - null
[2020-12-08T15:16:27.623] [DEBUG] cheese - null
[2020-12-08T15:16:27.790] [DEBUG] cheese - login => username:ads,password:123456
[2020-12-08T15:16:27.790] [DEBUG] cheese - ads
[2020-12-08T15:16:27.792] [DEBUG] cheese - null
[2020-12-08T15:16:27.792] [DEBUG] cheese - null
[2020-12-08T15:16:27.934] [DEBUG] cheese - login => username:ads,password:123456
[2020-12-08T15:16:27.934] [DEBUG] cheese - ads
[2020-12-08T15:16:27.936] [DEBUG] cheese - null
[2020-12-08T15:16:27.936] [DEBUG] cheese - null
[2020-12-08T15:16:28.087] [DEBUG] cheese - login => username:ads,password:123456
[2020-12-08T15:16:28.087] [DEBUG] cheese - ads
[2020-12-08T15:16:28.089] [DEBUG] cheese - null
[2020-12-08T15:16:28.089] [DEBUG] cheese - null
[2020-12-08T15:16:28.256] [DEBUG] cheese - login => username:ads,password:123456
[2020-12-08T15:16:28.256] [DEBUG] cheese - ads
[2020-12-08T15:16:28.258] [DEBUG] cheese - null
[2020-12-08T15:16:28.258] [DEBUG] cheese - null
[2020-12-08T15:16:28.384] [DEBUG] cheese - login => username:ads,password:123456
[2020-12-08T15:16:28.384] [DEBUG] cheese - ads
[2020-12-08T15:16:28.386] [DEBUG] cheese - null
[2020-12-08T15:16:28.386] [DEBUG] cheese - null
[2020-12-08T15:16:28.547] [DEBUG] cheese - login => username:ads,password:123456
[2020-12-08T15:16:28.547] [DEBUG] cheese - ads
[2020-12-08T15:16:28.549] [DEBUG] cheese - null
[2020-12-08T15:16:28.549] [DEBUG] cheese - null
[2020-12-08T15:16:28.700] [DEBUG] cheese - login => username:ads,password:123456
[2020-12-08T15:16:28.700] [DEBUG] cheese - ads
[2020-12-08T15:16:28.702] [DEBUG] cheese - null
[2020-12-08T15:16:28.702] [DEBUG] cheese - null
[2020-12-08T15:16:54.879] [DEBUG] cheese - login => username:add,password:12345678
[2020-12-08T15:16:54.879] [DEBUG] cheese - add
[2020-12-08T15:16:54.881] [DEBUG] cheese - null
[2020-12-08T15:16:54.881] [DEBUG] cheese - null
[2020-12-08T15:17:39.765] [DEBUG] cheese - login => username:add,password:234567
[2020-12-08T15:17:39.766] [DEBUG] cheese - add
[2020-12-08T15:17:39.768] [DEBUG] cheese - null
[2020-12-08T15:17:39.769] [DEBUG] cheese - null
[2020-12-08T15:18:32.567] [DEBUG] cheese - login => username:add,password:2134567
[2020-12-08T15:18:32.567] [DEBUG] cheese - add
[2020-12-08T15:18:32.569] [DEBUG] cheese - null
[2020-12-08T15:18:32.569] [DEBUG] cheese - null
[2020-12-08T15:18:41.441] [DEBUG] cheese - login => username:add,password:2134567
[2020-12-08T15:18:41.441] [DEBUG] cheese - add
[2020-12-08T15:18:41.443] [DEBUG] cheese - null
[2020-12-08T15:18:41.443] [DEBUG] cheese - null
[2020-12-08T15:18:49.586] [DEBUG] cheese - login => username:adsfg,password:1234567
[2020-12-08T15:18:49.586] [DEBUG] cheese - adsfg
[2020-12-08T15:18:49.588] [DEBUG] cheese - null
[2020-12-08T15:18:49.588] [DEBUG] cheese - null
[2020-12-08T15:18:56.893] [DEBUG] cheese - login => username:admin,password:123456
[2020-12-08T15:18:56.893] [DEBUG] cheese - admin
[2020-12-08T15:18:56.899] [DEBUG] cheese - null
[2020-12-08T15:18:56.899] [DEBUG] cheese - null
[2020-12-08T15:20:21.033] [DEBUG] cheese - login => username:admin,password:123456
[2020-12-08T15:20:21.033] [DEBUG] cheese - admin
[2020-12-08T15:20:21.035] [DEBUG] cheese - null
[2020-12-08T15:20:21.035] [DEBUG] cheese - null
[2020-12-08T15:22:33.147] [DEBUG] cheese - login => username:123,password:1234567
[2020-12-08T15:22:33.147] [DEBUG] cheese - 123
[2020-12-08T15:22:33.149] [DEBUG] cheese - null
[2020-12-08T15:22:33.149] [DEBUG] cheese - null
[2020-12-08T15:22:42.296] [DEBUG] cheese - login => username:admin,password:123456
[2020-12-08T15:22:42.296] [DEBUG] cheese - admin
[2020-12-08T15:22:42.298] [DEBUG] cheese - null
[2020-12-08T15:22:42.298] [DEBUG] cheese - null
[2020-12-08T15:30:25.949] [DEBUG] cheese - login => username:admin,password:123456
[2020-12-08T15:30:25.950] [DEBUG] cheese - admin
[2020-12-08T15:30:25.963] [DEBUG] cheese - null
[2020-12-08T15:30:25.963] [DEBUG] cheese - null
[2020-12-08T15:30:29.640] [DEBUG] cheese - login => username:admin,password:123456
[2020-12-08T15:30:29.640] [DEBUG] cheese - admin
[2020-12-08T15:30:29.643] [DEBUG] cheese - null
[2020-12-08T15:30:29.643] [DEBUG] cheese - null
[2020-12-08T15:30:37.512] [DEBUG] cheese - login => username:admin,password:123456
[2020-12-08T15:30:37.512] [DEBUG] cheese - admin
[2020-12-08T15:30:37.516] [DEBUG] cheese - null
[2020-12-08T15:30:37.516] [DEBUG] cheese - null
[2020-12-08T15:30:38.241] [DEBUG] cheese - login => username:admin,password:123456
[2020-12-08T15:30:38.242] [DEBUG] cheese - admin
[2020-12-08T15:30:38.244] [DEBUG] cheese - null
[2020-12-08T15:30:38.245] [DEBUG] cheese - null
[2020-12-08T15:31:31.381] [DEBUG] cheese - login => username:admin,password:123456
[2020-12-08T15:31:31.381] [DEBUG] cheese - admin
[2020-12-08T15:31:31.383] [DEBUG] cheese - null
[2020-12-08T15:31:31.383] [DEBUG] cheese - null
[2020-12-08T15:32:08.215] [DEBUG] cheese - login => username:admin,password:123456
[2020-12-08T15:32:08.215] [DEBUG] cheese - admin
[2020-12-08T15:32:08.218] [DEBUG] cheese - null
[2020-12-08T15:32:08.218] [DEBUG] cheese - null
[2020-12-08T15:32:14.688] [DEBUG] cheese - login => username:admin,password:123456
[2020-12-08T15:32:14.688] [DEBUG] cheese - admin
[2020-12-08T15:32:14.691] [DEBUG] cheese - null
[2020-12-08T15:32:14.691] [DEBUG] cheese - null
[2020-12-08T15:36:28.393] [DEBUG] cheese - login => username:admin,password:123456
[2020-12-08T15:36:28.393] [DEBUG] cheese - admin
[2020-12-08T15:36:28.396] [DEBUG] cheese - null
[2020-12-08T15:36:28.397] [DEBUG] cheese - null
[2020-12-08T15:44:17.025] [DEBUG] cheese - login => username:admin,password:123456
[2020-12-08T15:44:17.025] [DEBUG] cheese - admin
[2020-12-08T15:44:17.031] [DEBUG] cheese - null
[2020-12-08T15:44:17.031] [DEBUG] cheese - null
[2020-12-08T15:46:50.562] [DEBUG] cheese - login => username:admin,password:123456
[2020-12-08T15:46:50.563] [DEBUG] cheese - admin
[2020-12-08T15:46:50.566] [DEBUG] cheese - null
[2020-12-08T15:46:50.566] [DEBUG] cheese - null
[2020-12-08T15:51:15.141] [DEBUG] cheese - login => username:admin,password:123456
[2020-12-08T15:51:15.141] [DEBUG] cheese - admin
[2020-12-08T15:51:15.144] [DEBUG] cheese - null
[2020-12-08T15:51:15.144] [DEBUG] cheese - null
[2020-12-08T16:15:03.100] [DEBUG] cheese - login => username:admin,password:123456
[2020-12-08T16:15:03.101] [DEBUG] cheese - admin
[2020-12-08T16:15:03.116] [DEBUG] cheese - null
[2020-12-08T16:15:03.116] [DEBUG] cheese - null
[2020-12-08T16:16:07.348] [DEBUG] cheese - login => username:admin,password:123456
[2020-12-08T16:16:07.348] [DEBUG] cheese - admin
[2020-12-08T16:16:07.350] [DEBUG] cheese - null
[2020-12-08T16:16:07.351] [DEBUG] cheese - null
[2020-12-08T17:42:48.664] [DEBUG] cheese - login => username:admin,password:123456
[2020-12-08T17:42:48.664] [DEBUG] cheese - admin
[2020-12-08T17:42:48.673] [DEBUG] cheese - null
[2020-12-08T17:42:48.673] [DEBUG] cheese - null
[2020-12-08T17:45:37.446] [DEBUG] cheese - login => username:admin,password:123456
[2020-12-08T17:45:37.446] [DEBUG] cheese - admin
[2020-12-08T17:45:37.450] [DEBUG] cheese - null
[2020-12-08T17:45:37.450] [DEBUG] cheese - null
[2020-12-08T17:46:07.451] [DEBUG] cheese - login => username:admin,password:123456
[2020-12-08T17:46:07.451] [DEBUG] cheese - admin
[2020-12-08T17:46:07.454] [DEBUG] cheese - null
[2020-12-08T17:46:07.454] [DEBUG] cheese - null
[2020-12-08T17:46:59.511] [DEBUG] cheese - login => username:admin,password:123456
[2020-12-08T17:46:59.512] [DEBUG] cheese - admin
[2020-12-08T17:46:59.516] [DEBUG] cheese - null
[2020-12-08T17:46:59.516] [DEBUG] cheese - null
[2020-12-08T17:55:50.990] [DEBUG] cheese - login => username:admin,password:123456
[2020-12-08T17:55:50.994] [DEBUG] cheese - admin
[2020-12-08T17:55:50.997] [DEBUG] cheese - null
[2020-12-08T17:55:50.997] [DEBUG] cheese - null
[2020-12-08T18:01:56.928] [DEBUG] cheese - login => username:admin,password:123456
[2020-12-08T18:01:56.928] [DEBUG] cheese - admin
[2020-12-08T18:01:56.931] [DEBUG] cheese - null
[2020-12-08T18:01:56.931] [DEBUG] cheese - null
[2020-12-08T18:19:35.364] [DEBUG] cheese - login => username:admin,password:123456
[2020-12-08T18:19:35.365] [DEBUG] cheese - admin
[2020-12-08T18:19:35.368] [DEBUG] cheese - null
[2020-12-08T18:19:35.368] [DEBUG] cheese - null
[2020-12-08T18:21:38.007] [DEBUG] cheese - login => username:admin,password:123456
[2020-12-08T18:21:38.007] [DEBUG] cheese - admin
[2020-12-08T18:21:38.012] [DEBUG] cheese - null
[2020-12-08T18:21:38.012] [DEBUG] cheese - null
[2020-12-09T11:18:34.853] [DEBUG] cheese - login => username:admin,password:123456
[2020-12-09T11:18:34.854] [DEBUG] cheese - admin
[2020-12-09T11:18:34.877] [DEBUG] cheese - null
[2020-12-09T11:18:34.878] [DEBUG] cheese - null
[2020-12-09T11:29:49.280] [DEBUG] cheese - login => username:admin,password:123456
[2020-12-09T11:29:49.280] [DEBUG] cheese - admin
[2020-12-09T11:29:49.283] [DEBUG] cheese - null
[2020-12-09T11:29:49.284] [DEBUG] cheese - null
[2020-12-09T13:40:07.613] [DEBUG] cheese - null
[2020-12-09T13:42:46.318] [DEBUG] cheese - null
[2020-12-09T13:44:25.600] [DEBUG] cheese - null
[2020-12-09T13:44:28.372] [DEBUG] cheese - null
[2020-12-10T13:18:21.719] [DEBUG] cheese - login => username:admin,password:123456
[2020-12-10T13:18:21.720] [DEBUG] cheese - admin
[2020-12-10T13:18:21.731] [DEBUG] cheese - null
[2020-12-10T13:18:21.732] [DEBUG] cheese - null
[2020-12-10T15:22:08.498] [DEBUG] cheese - login => username:admin,password:123456
[2020-12-10T15:22:08.500] [DEBUG] cheese - admin
[2020-12-10T15:22:08.503] [DEBUG] cheese - null
[2020-12-10T15:22:08.504] [DEBUG] cheese - null
[2020-12-10T17:40:21.811] [DEBUG] cheese - login => username:admin,password:123456
[2020-12-10T17:40:21.813] [DEBUG] cheese - admin
[2020-12-10T17:40:21.816] [DEBUG] cheese - null
[2020-12-10T17:40:21.817] [DEBUG] cheese - null
[2020-12-10T17:59:32.813] [DEBUG] cheese - login => username:admin,password:123456
[2020-12-10T17:59:32.813] [DEBUG] cheese - admin
[2020-12-10T17:59:32.815] [DEBUG] cheese - null
[2020-12-10T17:59:32.816] [DEBUG] cheese - null
[2020-12-10T20:55:42.724] [DEBUG] cheese - login => username:admin,password:123456
[2020-12-10T20:55:42.727] [DEBUG] cheese - admin
[2020-12-10T20:55:42.731] [DEBUG] cheese - login => username:admin,password:123456
[2020-12-10T20:55:42.731] [DEBUG] cheese - admin
[2020-12-10T20:55:42.894] [DEBUG] cheese - null
[2020-12-10T20:55:42.895] [DEBUG] cheese - null
[2020-12-10T20:55:42.979] [DEBUG] cheese - null
[2020-12-10T20:55:42.979] [DEBUG] cheese - null
[2020-12-11T18:43:40.966] [DEBUG] cheese - login => username:admin,password:123456
[2020-12-11T18:43:40.969] [DEBUG] cheese - admin
[2020-12-11T18:43:40.995] [DEBUG] cheese - null
[2020-12-11T18:43:40.995] [DEBUG] cheese - null
[2020-12-11T19:51:26.652] [DEBUG] cheese - login => username:admin,password:123456
[2020-12-11T19:51:26.658] [DEBUG] cheese - admin
[2020-12-11T19:51:26.665] [DEBUG] cheese - null
[2020-12-11T19:51:26.666] [DEBUG] cheese - null
[2020-12-11T20:12:50.456] [DEBUG] cheese - login => username:admin,password:123456
[2020-12-11T20:12:50.457] [DEBUG] cheese - admin
[2020-12-11T20:12:50.461] [DEBUG] cheese - null
[2020-12-11T20:12:50.461] [DEBUG] cheese - null
[2020-12-11T20:29:29.545] [DEBUG] cheese - login => username:admin,password:123456
[2020-12-11T20:29:29.546] [DEBUG] cheese - admin
[2020-12-11T20:29:29.549] [DEBUG] cheese - null
[2020-12-11T20:29:29.549] [DEBUG] cheese - null
[2020-12-11T20:32:15.485] [DEBUG] cheese - login => username:admin,password:123456
[2020-12-11T20:32:15.486] [DEBUG] cheese - admin
[2020-12-11T20:32:15.496] [DEBUG] cheese - null
[2020-12-11T20:32:15.497] [DEBUG] cheese - null
[2020-12-11T21:29:36.798] [DEBUG] cheese - login => username:admin,password:123456
[2020-12-11T21:29:36.799] [DEBUG] cheese - admin
[2020-12-11T21:29:36.808] [DEBUG] cheese - null
[2020-12-11T21:29:36.809] [DEBUG] cheese - null
[2020-12-11T21:31:18.009] [DEBUG] cheese - login => username:admin,password:123456
[2020-12-11T21:31:18.010] [DEBUG] cheese - admin
[2020-12-11T21:31:18.021] [DEBUG] cheese - null
[2020-12-11T21:31:18.021] [DEBUG] cheese - null
[2020-12-11T21:36:37.305] [DEBUG] cheese - login => username:admin,password:123456
[2020-12-11T21:36:37.306] [DEBUG] cheese - admin
[2020-12-11T21:36:37.315] [DEBUG] cheese - null
[2020-12-11T21:36:37.315] [DEBUG] cheese - null
[2020-12-11T23:06:13.201] [DEBUG] cheese - login => username:admin,password:123456
[2020-12-11T23:06:13.208] [DEBUG] cheese - admin
[2020-12-11T23:06:13.211] [DEBUG] cheese - null
[2020-12-11T23:06:13.212] [DEBUG] cheese - null
[2020-12-12T15:47:48.980] [DEBUG] cheese - login => username:admin,password:123456
[2020-12-12T15:47:48.981] [DEBUG] cheese - admin
[2020-12-12T15:47:49.013] [DEBUG] cheese - null
[2020-12-12T15:47:49.013] [DEBUG] cheese - null
[2020-12-12T16:41:30.689] [DEBUG] cheese - null
[2020-12-12T16:42:46.246] [DEBUG] cheese - null
[2020-12-12T16:43:03.753] [DEBUG] cheese - null
[2020-12-12T17:10:45.432] [DEBUG] cheese - login => username:admin,password:123456
[2020-12-12T17:10:45.432] [DEBUG] cheese - admin
[2020-12-12T17:10:45.435] [DEBUG] cheese - null
[2020-12-12T17:10:45.435] [DEBUG] cheese - null
[2020-12-12T17:41:20.269] [DEBUG] cheese - null
[2020-12-12T18:03:42.855] [DEBUG] cheese - login => username:admin,password:123456
[2020-12-12T18:03:42.857] [DEBUG] cheese - admin
[2020-12-12T18:03:42.859] [DEBUG] cheese - null
[2020-12-12T18:03:42.860] [DEBUG] cheese - null
[2020-12-12T18:54:24.454] [DEBUG] cheese - login => username:admin,password:123456
[2020-12-12T18:54:24.456] [DEBUG] cheese - admin
[2020-12-12T18:54:24.486] [DEBUG] cheese - null
[2020-12-12T18:54:24.486] [DEBUG] cheese - null
[2020-12-12T18:57:15.420] [DEBUG] cheese - login => username:admin,password:123456
[2020-12-12T18:57:15.421] [DEBUG] cheese - admin
[2020-12-12T18:57:15.433] [DEBUG] cheese - null
[2020-12-12T18:57:15.433] [DEBUG] cheese - null
[2020-12-12T19:00:23.845] [DEBUG] cheese - login => username:admin,password:123456
[2020-12-12T19:00:23.845] [DEBUG] cheese - admin
[2020-12-12T19:00:23.849] [DEBUG] cheese - null
[2020-12-12T19:00:23.850] [DEBUG] cheese - null
[2020-12-12T19:05:41.983] [DEBUG] cheese - login => username:admin,password:123456
[2020-12-12T19:05:41.983] [DEBUG] cheese - admin
[2020-12-12T19:05:41.985] [DEBUG] cheese - null
[2020-12-12T19:05:41.985] [DEBUG] cheese - null
[2020-12-12T19:22:33.156] [DEBUG] cheese - login => username:admin,password:123456
[2020-12-12T19:22:33.156] [DEBUG] cheese - admin
[2020-12-12T19:22:33.158] [DEBUG] cheese - null
[2020-12-12T19:22:33.158] [DEBUG] cheese - null
[2020-12-12T19:25:21.685] [DEBUG] cheese - login => username:admin,password:123456
[2020-12-12T19:25:21.685] [DEBUG] cheese - admin
[2020-12-12T19:25:21.689] [DEBUG] cheese - null
[2020-12-12T19:25:21.689] [DEBUG] cheese - null
[2020-12-12T19:38:04.069] [DEBUG] cheese - login => username:admin,password:123456
[2020-12-12T19:38:04.070] [DEBUG] cheese - admin
[2020-12-12T19:38:04.076] [DEBUG] cheese - null
[2020-12-12T19:38:04.076] [DEBUG] cheese - null
[2020-12-12T19:52:59.247] [DEBUG] cheese - login => username:admin,password:123456
[2020-12-12T21:04:59.668] [DEBUG] cheese - login => username:admin,password:123456
[2020-12-12T21:04:59.671] [DEBUG] cheese - admin
[2020-12-12T21:04:59.726] [DEBUG] cheese - null
[2020-12-12T21:04:59.728] [DEBUG] cheese - null
[2020-12-12T21:06:45.318] [DEBUG] cheese - login => username:admin,password:123456
[2020-12-12T21:06:45.319] [DEBUG] cheese - admin
[2020-12-12T21:06:45.323] [DEBUG] cheese - null
[2020-12-12T21:06:45.323] [DEBUG] cheese - null
[2020-12-12T21:08:28.940] [DEBUG] cheese - login => username:admin,password:123456
[2020-12-12T21:08:28.940] [DEBUG] cheese - admin
[2020-12-12T21:08:28.942] [DEBUG] cheese - null
[2020-12-12T21:08:28.943] [DEBUG] cheese - null
[2020-12-12T21:09:53.977] [DEBUG] cheese - login => username:admin,password:123456
[2020-12-12T21:09:53.978] [DEBUG] cheese - admin
[2020-12-12T21:09:53.979] [DEBUG] cheese - null
[2020-12-12T21:09:53.979] [DEBUG] cheese - null
[2020-12-12T21:10:27.935] [DEBUG] cheese - login => username:admin,password:123456
[2020-12-12T21:10:27.936] [DEBUG] cheese - admin
[2020-12-12T21:10:27.939] [DEBUG] cheese - null
[2020-12-12T21:10:27.940] [DEBUG] cheese - null
